2017-08-09 13:15:42,468 [9] ERROR SystemLog [(null)] - 获取数据基类出现异常！

ServiceStack.Redis.RedisException: 127.0.0.1:6379 ---> System.Net.Sockets.SocketException: 由于目标计算机积极拒绝，无法连接。 127.0.0.1:6379
   在 System.Net.Sockets.Socket.Connect(IPAddress[] addresses, Int32 port)
   在 System.Net.Sockets.Socket.Connect(String host, Int32 port)
   在 ServiceStack.Redis.RedisNativeClient.Connect()
   在 ServiceStack.Redis.RedisNativeClient.TryConnectIfNeeded()
   在 ServiceStack.Redis.RedisNativeClient.AssertConnectedSocket()
   --- 内部异常堆栈跟踪的结尾 ---
   在 ServiceStack.Redis.RedisNativeClient.AssertConnectedSocket()
   在 ServiceStack.Redis.RedisNativeClient.AssertServerVersionNumber()
   在 ServiceStack.Redis.RedisClient.GetServerRole()
   在 ServiceStack.Redis.RedisResolver.CreateRedisClient(RedisEndpoint config, Boolean master)
   在 ServiceStack.Redis.RedisResolver.CreateMasterClient(Int32 desiredIndex)
   在 ServiceStack.Redis.PooledRedisClientManager.GetClient()
   在 WebMVC.Common.RedisHelper.GetByte(String key) 位置 D:\WorkSpace\WebMVC\WebMVC\WebMVC\Common\RedisHelper.cs:行号 541
   在 WebMVC.Common.RedisHelper.GetMemByDataSet(String key) 位置 D:\WorkSpace\WebMVC\WebMVC\WebMVC\Common\RedisHelper.cs:行号 571
   在 WebMVC.DBUtility.BLLBase.GetDataBySql(String ConnectionStringName, String Sql) 位置 D:\WorkSpace\WebMVC\WebMVC\WebMVC\DBUtility\BLLBase.cs:行号 21
2017-08-09 13:49:46,724 [9] ERROR SystemLog [(null)] - 获取数据基类出现异常！

System.ArgumentNullException: 缓冲区不能为 null。
参数名: buffer
   在 System.IO.MemoryStream..ctor(Byte[] buffer, Boolean writable)
   在 System.IO.MemoryStream..ctor(Byte[] buffer)
   在 WebMVC.Common.RedisHelper.GetObjFromBytes(Byte[] buffer) 位置 D:\WorkSpace\WebMVC\WebMVC\WebMVC\Common\RedisHelper.cs:行号 555
   在 WebMVC.Common.RedisHelper.GetByte(String key) 位置 D:\WorkSpace\WebMVC\WebMVC\WebMVC\Common\RedisHelper.cs:行号 544
   在 WebMVC.Common.RedisHelper.GetMemByDataSet(String key) 位置 D:\WorkSpace\WebMVC\WebMVC\WebMVC\Common\RedisHelper.cs:行号 571
   在 WebMVC.DBUtility.BLLBase.GetDataBySql(String ConnectionStringName, String Sql) 位置 D:\WorkSpace\WebMVC\WebMVC\WebMVC\DBUtility\BLLBase.cs:行号 21
2017-08-09 13:51:45,903 [10] ERROR SystemLog [(null)] - 获取数据基类出现异常！

System.ArgumentNullException: 缓冲区不能为 null。
参数名: buffer
   在 System.IO.MemoryStream..ctor(Byte[] buffer, Boolean writable)
   在 System.IO.MemoryStream..ctor(Byte[] buffer)
   在 WebMVC.Common.RedisHelper.GetObjFromBytes(Byte[] buffer) 位置 D:\WorkSpace\WebMVC\WebMVC\WebMVC\Common\RedisHelper.cs:行号 555
   在 WebMVC.Common.RedisHelper.GetByte(String key) 位置 D:\WorkSpace\WebMVC\WebMVC\WebMVC\Common\RedisHelper.cs:行号 544
   在 WebMVC.Common.RedisHelper.GetMemByDataSet(String key) 位置 D:\WorkSpace\WebMVC\WebMVC\WebMVC\Common\RedisHelper.cs:行号 571
   在 WebMVC.DBUtility.BLLBase.GetDataBySql(String ConnectionStringName, String Sql) 位置 D:\WorkSpace\WebMVC\WebMVC\WebMVC\DBUtility\BLLBase.cs:行号 21
2017-08-09 15:53:31,150 [8] ERROR SystemLog [(null)] - 获取数据异常！

MySql.Data.MySqlClient.MySqlException (0x80004005): Authentication to host '' for user '' using method 'mysql_native_password' failed with message: Access denied for user ''@'DESKTOP-FZN' (using password: NO) ---> MySql.Data.MySqlClient.MySqlException (0x80004005): Access denied for user ''@'DESKTOP-FZN' (using password: NO)
   在 MySql.Data.MySqlClient.MySqlStream.ReadPacket()
   在 MySql.Data.MySqlClient.Authentication.MySqlAuthenticationPlugin.ReadPacket()
   在 MySql.Data.MySqlClient.Authentication.MySqlAuthenticationPlugin.AuthenticationFailed(Exception ex)
   在 MySql.Data.MySqlClient.Authentication.MySqlAuthenticationPlugin.ReadPacket()
   在 MySql.Data.MySqlClient.Authentication.MySqlAuthenticationPlugin.Authenticate(Boolean reset)
   在 MySql.Data.MySqlClient.NativeDriver.Authenticate(String authMethod, Boolean reset)
   在 MySql.Data.MySqlClient.NativeDriver.Open()
   在 MySql.Data.MySqlClient.Driver.Open()
   在 MySql.Data.MySqlClient.Driver.Create(MySqlConnectionStringBuilder settings)
   在 MySql.Data.MySqlClient.MySqlPool.CreateNewPooledConnection()
   在 MySql.Data.MySqlClient.MySqlPool.GetPooledConnection()
   在 MySql.Data.MySqlClient.MySqlPool.TryToGetDriver()
   在 MySql.Data.MySqlClient.MySqlPool.GetConnection()
   在 MySql.Data.MySqlClient.MySqlConnection.Open()
   在 Caxa.Project.Common.DbHelperMySQL.Query(String connectionStringName, String SQLString) 位置 D:\WorkSpace\WebMVC\WebMVC\WebMVC\Common\DbHelperMySQL.cs:行号 500
2017-08-09 15:53:31,442 [8] ERROR SystemLog [(null)] - 获取数据基类出现异常！

System.IndexOutOfRangeException: 无法找到表 0。
   在 System.Data.DataTableCollection.get_Item(Int32 index)
   在 Caxa.Project.Common.DbHelperMySQL.Query(String connectionStringName, String SQLString) 位置 D:\WorkSpace\WebMVC\WebMVC\WebMVC\Common\DbHelperMySQL.cs:行号 508
   在 WebMVC.DBUtility.DALBase.GetDataBySql(String ConnectionStringName, String Sql) 位置 D:\WorkSpace\WebMVC\WebMVC\WebMVC\DBUtility\DALBase.cs:行号 17
